2024-04-24 12:48:48,261: Logging to /central/home/achiang/CliMA/runs/globe_time_split_2404_124848/output.log initialized.
2024-04-24 12:48:48,262: ### Folder structure created at /central/home/achiang/CliMA/runs/globe_time_split_2404_124848
2024-04-24 12:48:48,262: ### Run configurations for globe_time_split
2024-04-24 12:48:48,262: experiment_name: globe_time_split
2024-04-24 12:48:48,262: train_basin_file: /home/achiang/CliMA/Rivers_odunbar/data_from_sampo/single_model_data/basin_lists/globe_time_split_list.txt
2024-04-24 12:48:48,262: validation_basin_file: /home/achiang/CliMA/Rivers_odunbar/data_from_sampo/single_model_data/basin_lists/globe_time_split_list.txt
2024-04-24 12:48:48,262: test_basin_file: /home/achiang/CliMA/Rivers_odunbar/data_from_sampo/single_model_data/basin_lists/globe_time_split_list.txt
2024-04-24 12:48:48,262: train_start_date: 1999-10-01 00:00:00
2024-04-24 12:48:48,262: train_end_date: 2009-09-30 00:00:00
2024-04-24 12:48:48,262: validation_start_date: 2009-10-01 00:00:00
2024-04-24 12:48:48,262: validation_end_date: 2019-09-30 00:00:00
2024-04-24 12:48:48,262: test_start_date: 1989-10-01 00:00:00
2024-04-24 12:48:48,262: test_end_date: 1999-09-30 00:00:00
2024-04-24 12:48:48,262: seed: 123
2024-04-24 12:48:48,262: device: cuda:0
2024-04-24 12:48:48,262: allow_subsequent_nan_losses: 5
2024-04-24 12:48:48,262: validate_every: 2
2024-04-24 12:48:48,262: validate_n_random_basins: 500
2024-04-24 12:48:48,262: metrics: ['NSE']
2024-04-24 12:48:48,262: model: cudalstm
2024-04-24 12:48:48,263: head: regression
2024-04-24 12:48:48,263: hidden_size: 128
2024-04-24 12:48:48,263: initial_forget_bias: 3
2024-04-24 12:48:48,263: output_dropout: 0.4
2024-04-24 12:48:48,263: output_activation: linear
2024-04-24 12:48:48,263: optimizer: Adam
2024-04-24 12:48:48,263: loss: NSE
2024-04-24 12:48:48,263: learning_rate: {0: 0.001, 21: 0.0001, 31: 1e-05}
2024-04-24 12:48:48,263: batch_size: 256
2024-04-24 12:48:48,263: epochs: 35
2024-04-24 12:48:48,263: clip_gradient_norm: 1
2024-04-24 12:48:48,263: predict_last_n: 1
2024-04-24 12:48:48,263: seq_length: 270
2024-04-24 12:48:48,263: num_workers: 1
2024-04-24 12:48:48,263: log_interval: 50
2024-04-24 12:48:48,263: log_tensorboard: True
2024-04-24 12:48:48,263: save_weights_every: 1
2024-04-24 12:48:48,263: save_validation_results: True
2024-04-24 12:48:48,263: dataset: era5_grdc_sheds
2024-04-24 12:48:48,263: data_dir: /home/achiang/CliMA/Rivers_odunbar/data_from_sampo/single_model_data
2024-04-24 12:48:48,263: dynamic_inputs: ['sro_sum', 'ssro_sum', 'sp_mean', 't2m_mean', 'str_mean']
2024-04-24 12:48:48,263: target_variables: ['streamflow']
2024-04-24 12:48:48,263: static_attributes: ['pre_mm_syr', 'ari_ix_sav', 'area', 'ele_mt_sav', 'snw_pc_syr', 'slp_dg_sav', 'kar_pc_sse', 'cly_pc_sav', 'pet_mm_syr', 'for_pc_sse', 'snd_pc_sav', 'slt_pc_sav', 'gwt_cm_sav', 'run_mm_syr', 'soc_th_sav', 'swc_pc_syr', 'sgr_dk_sav', 'cmi_ix_syr']
2024-04-24 12:48:48,263: number_of_basins: 1326
2024-04-24 12:48:48,263: run_dir: /central/home/achiang/CliMA/runs/globe_time_split_2404_124848
2024-04-24 12:48:48,264: train_dir: /central/home/achiang/CliMA/runs/globe_time_split_2404_124848/train_data
2024-04-24 12:48:48,264: img_log_dir: /central/home/achiang/CliMA/runs/globe_time_split_2404_124848/img_log
2024-04-24 12:48:48,289: ### Device cuda:0 will be used for training
2024-04-24 12:48:48,905: Loading basin data into xarray data set.
2024-04-24 12:50:13,148: Calculating target variable stds per basin
2024-04-24 12:50:14,303: The following basins had not enough valid target values to calculate a standard deviation: 5070068140. NSE loss values for this basin will be NaN.
2024-04-24 12:50:14,639: Create lookup table and convert to pytorch tensor
2024-04-24 12:50:59,625: These basins do not have a single valid sample in the train period: ['5070068140']
2024-04-24 12:58:11,762: Epoch 1 average loss: avg_loss: 0.00022, avg_total_loss: 0.00022
2024-04-24 13:05:32,128: Epoch 2 average loss: avg_loss: 0.00001, avg_total_loss: 0.00001
2024-04-24 13:05:38,283: The following basins had not enough valid target values to calculate a standard deviation: 7070583100. NSE loss values for this basin will be NaN.
2024-04-24 13:05:39,355: The following basins had not enough valid target values to calculate a standard deviation: 1051315930. NSE loss values for this basin will be NaN.
2024-04-24 13:05:40,423: The following basins had not enough valid target values to calculate a standard deviation: 1070030310. NSE loss values for this basin will be NaN.
2024-04-24 13:05:50,776: The following basins had not enough valid target values to calculate a standard deviation: 2060253060. NSE loss values for this basin will be NaN.
2024-04-24 13:05:58,093: The following basins had not enough valid target values to calculate a standard deviation: 4060043170. NSE loss values for this basin will be NaN.
2024-04-24 13:06:00,473: The following basins had not enough valid target values to calculate a standard deviation: 4070040780. NSE loss values for this basin will be NaN.
2024-04-24 13:06:04,515: The following basins had not enough valid target values to calculate a standard deviation: 7070048050. NSE loss values for this basin will be NaN.
2024-04-24 13:06:05,899: The following basins had not enough valid target values to calculate a standard deviation: 7070046720. NSE loss values for this basin will be NaN.
2024-04-24 13:06:19,992: The following basins had not enough valid target values to calculate a standard deviation: 6070736450. NSE loss values for this basin will be NaN.
2024-04-24 13:06:24,664: The following basins had not enough valid target values to calculate a standard deviation: 5070603610. NSE loss values for this basin will be NaN.
2024-04-24 13:06:31,643: The following basins had not enough valid target values to calculate a standard deviation: 4070037560. NSE loss values for this basin will be NaN.
2024-04-24 13:06:40,132: The following basins had not enough valid target values to calculate a standard deviation: 6060736450. NSE loss values for this basin will be NaN.
2024-04-24 13:06:43,476: The following basins had not enough valid target values to calculate a standard deviation: 6060033220. NSE loss values for this basin will be NaN.
2024-04-24 13:06:47,496: The following basins had not enough valid target values to calculate a standard deviation: 6070620420. NSE loss values for this basin will be NaN.
2024-04-24 13:06:57,426: The following basins had not enough valid target values to calculate a standard deviation: 4070021260. NSE loss values for this basin will be NaN.
2024-04-24 13:06:58,817: The following basins had not enough valid target values to calculate a standard deviation: 4070039600. NSE loss values for this basin will be NaN.
2024-04-24 13:07:01,194: The following basins had not enough valid target values to calculate a standard deviation: 7050006910. NSE loss values for this basin will be NaN.
2024-04-24 13:07:03,579: The following basins had not enough valid target values to calculate a standard deviation: 5070517640. NSE loss values for this basin will be NaN.
2024-04-24 13:07:05,959: The following basins had not enough valid target values to calculate a standard deviation: 7060046600. NSE loss values for this basin will be NaN.
2024-04-24 13:07:13,300: The following basins had not enough valid target values to calculate a standard deviation: 1050792830. NSE loss values for this basin will be NaN.
2024-04-24 13:07:16,679: The following basins had not enough valid target values to calculate a standard deviation: 4060039500. NSE loss values for this basin will be NaN.
2024-04-24 13:07:24,000: The following basins had not enough valid target values to calculate a standard deviation: 7060006580. NSE loss values for this basin will be NaN.
2024-04-24 13:07:30,325: The following basins had not enough valid target values to calculate a standard deviation: 1060013820. NSE loss values for this basin will be NaN.
2024-04-24 13:07:33,028: The following basins had not enough valid target values to calculate a standard deviation: 4070043230. NSE loss values for this basin will be NaN.
2024-04-24 13:07:34,089: The following basins had not enough valid target values to calculate a standard deviation: 7060005800. NSE loss values for this basin will be NaN.
2024-04-24 13:07:35,476: The following basins had not enough valid target values to calculate a standard deviation: 4070041260. NSE loss values for this basin will be NaN.
2024-04-24 13:07:39,502: The following basins had not enough valid target values to calculate a standard deviation: 6070301080. NSE loss values for this basin will be NaN.
2024-04-24 13:07:41,553: The following basins had not enough valid target values to calculate a standard deviation: 2070030710. NSE loss values for this basin will be NaN.
2024-04-24 13:07:43,907: The following basins had not enough valid target values to calculate a standard deviation: 1071613460. NSE loss values for this basin will be NaN.
2024-04-24 13:07:45,301: The following basins had not enough valid target values to calculate a standard deviation: 7060006420. NSE loss values for this basin will be NaN.
2024-04-24 13:07:48,665: The following basins had not enough valid target values to calculate a standard deviation: 2070313170. NSE loss values for this basin will be NaN.
2024-04-24 13:07:53,680: The following basins had not enough valid target values to calculate a standard deviation: 5070535770. NSE loss values for this basin will be NaN.
2024-04-24 13:07:58,354: The following basins had not enough valid target values to calculate a standard deviation: 2060551950. NSE loss values for this basin will be NaN.
2024-04-24 13:07:59,414: The following basins had not enough valid target values to calculate a standard deviation: 4070040450. NSE loss values for this basin will be NaN.
2024-04-24 13:08:00,808: The following basins had not enough valid target values to calculate a standard deviation: 1070696150. NSE loss values for this basin will be NaN.
2024-04-24 13:08:07,276: The following basins had not enough valid target values to calculate a standard deviation: 2050006110. NSE loss values for this basin will be NaN.
2024-04-24 13:08:11,930: The following basins had not enough valid target values to calculate a standard deviation: 7060450950. NSE loss values for this basin will be NaN.
2024-04-24 13:08:13,975: The following basins had not enough valid target values to calculate a standard deviation: 7050024890. NSE loss values for this basin will be NaN.
2024-04-24 13:08:15,791: The following basins had not enough valid target values to calculate a standard deviation: 2060284350. NSE loss values for this basin will be NaN.
2024-04-24 13:08:17,500: The following basins had not enough valid target values to calculate a standard deviation: 2070515100. NSE loss values for this basin will be NaN.
2024-04-24 13:08:29,354: The following basins had not enough valid target values to calculate a standard deviation: 4070042870. NSE loss values for this basin will be NaN.
2024-04-24 13:08:34,332: The following basins had not enough valid target values to calculate a standard deviation: 1070874990. NSE loss values for this basin will be NaN.
2024-04-24 13:08:45,393: The following basins had not enough valid target values to calculate a standard deviation: 4070038460. NSE loss values for this basin will be NaN.
2024-04-24 13:08:49,711: The following basins had not enough valid target values to calculate a standard deviation: 6070428760. NSE loss values for this basin will be NaN.
2024-04-24 13:08:50,763: The following basins had not enough valid target values to calculate a standard deviation: 5070067870. NSE loss values for this basin will be NaN.
2024-04-24 13:08:52,808: Stored results at /central/home/achiang/CliMA/runs/globe_time_split_2404_124848/validation/model_epoch002/validation_results.p
2024-04-24 13:08:52,820: Epoch 2 average validation loss: 0.00033 -- Median validation metrics: avg_loss: 0.00033, NSE: 0.15835
2024-04-24 13:16:31,960: Epoch 3 average loss: avg_loss: 0.00001, avg_total_loss: 0.00001
2024-04-24 13:24:08,350: Epoch 4 average loss: avg_loss: 0.00000, avg_total_loss: 0.00000
2024-04-24 13:24:19,346: The following basins had not enough valid target values to calculate a standard deviation: 7050006420. NSE loss values for this basin will be NaN.
2024-04-24 13:24:21,627: The following basins had not enough valid target values to calculate a standard deviation: 5070056190. NSE loss values for this basin will be NaN.
2024-04-24 13:24:22,870: The following basins had not enough valid target values to calculate a standard deviation: 6070183080. NSE loss values for this basin will be NaN.
2024-04-24 13:24:23,933: The following basins had not enough valid target values to calculate a standard deviation: 7060005730. NSE loss values for this basin will be NaN.
2024-04-24 13:24:32,854: The following basins had not enough valid target values to calculate a standard deviation: 6050033220. NSE loss values for this basin will be NaN.
2024-04-24 13:24:34,108: The following basins had not enough valid target values to calculate a standard deviation: 4060021260. NSE loss values for this basin will be NaN.
2024-04-24 13:24:48,786: The following basins had not enough valid target values to calculate a standard deviation: 4070577540. NSE loss values for this basin will be NaN.
2024-04-24 13:24:57,613: The following basins had not enough valid target values to calculate a standard deviation: 4060039730. NSE loss values for this basin will be NaN.
2024-04-24 13:25:09,052: The following basins had not enough valid target values to calculate a standard deviation: 4070041030. NSE loss values for this basin will be NaN.
2024-04-24 13:25:15,587: The following basins had not enough valid target values to calculate a standard deviation: 2050027320. NSE loss values for this basin will be NaN.
2024-04-24 13:25:16,846: The following basins had not enough valid target values to calculate a standard deviation: 4070562450. NSE loss values for this basin will be NaN.
2024-04-24 13:25:24,741: The following basins had not enough valid target values to calculate a standard deviation: 7070494410. NSE loss values for this basin will be NaN.
2024-04-24 13:25:37,128: The following basins had not enough valid target values to calculate a standard deviation: 4070039500. NSE loss values for this basin will be NaN.
2024-04-24 13:25:41,394: The following basins had not enough valid target values to calculate a standard deviation: 6060470810. NSE loss values for this basin will be NaN.
2024-04-24 13:25:42,483: The following basins had not enough valid target values to calculate a standard deviation: 4060040450. NSE loss values for this basin will be NaN.
2024-04-24 13:25:44,757: The following basins had not enough valid target values to calculate a standard deviation: 7050046600. NSE loss values for this basin will be NaN.
2024-04-24 13:25:50,439: The following basins had not enough valid target values to calculate a standard deviation: 2070253060. NSE loss values for this basin will be NaN.
2024-04-24 13:25:53,720: The following basins had not enough valid target values to calculate a standard deviation: 6070453500. NSE loss values for this basin will be NaN.
2024-04-24 13:25:59,543: The following basins had not enough valid target values to calculate a standard deviation: 6060453500. NSE loss values for this basin will be NaN.
2024-04-24 13:26:17,571: The following basins had not enough valid target values to calculate a standard deviation: 6060525240. NSE loss values for this basin will be NaN.
2024-04-24 13:26:29,350: The following basins had not enough valid target values to calculate a standard deviation: 4070043490. NSE loss values for this basin will be NaN.
2024-04-24 13:26:31,766: The following basins had not enough valid target values to calculate a standard deviation: 7060006910. NSE loss values for this basin will be NaN.
2024-04-24 13:26:37,626: The following basins had not enough valid target values to calculate a standard deviation: 1070807450. NSE loss values for this basin will be NaN.
2024-04-24 13:26:48,666: The following basins had not enough valid target values to calculate a standard deviation: 7070450950. NSE loss values for this basin will be NaN.
2024-04-24 13:26:51,075: The following basins had not enough valid target values to calculate a standard deviation: 2060520280. NSE loss values for this basin will be NaN.
2024-04-24 13:26:52,143: The following basins had not enough valid target values to calculate a standard deviation: 6050287830. NSE loss values for this basin will be NaN.
2024-04-24 13:26:57,256: The following basins had not enough valid target values to calculate a standard deviation: 2070609250. NSE loss values for this basin will be NaN.
2024-04-24 13:27:01,443: Stored results at /central/home/achiang/CliMA/runs/globe_time_split_2404_124848/validation/model_epoch004/validation_results.p
2024-04-24 13:27:01,455: Epoch 4 average validation loss: 0.00001 -- Median validation metrics: avg_loss: 0.00001, NSE: 0.41863
2024-04-24 13:34:42,047: Epoch 5 average loss: avg_loss: 0.00000, avg_total_loss: 0.00000
2024-04-24 13:42:20,759: Epoch 6 average loss: avg_loss: 0.00000, avg_total_loss: 0.00000
2024-04-24 13:42:31,937: The following basins had not enough valid target values to calculate a standard deviation: 7070012800. NSE loss values for this basin will be NaN.
2024-04-24 13:42:59,774: The following basins had not enough valid target values to calculate a standard deviation: 8070175060. NSE loss values for this basin will be NaN.
2024-04-24 13:43:05,109: The following basins had not enough valid target values to calculate a standard deviation: 4070043390. NSE loss values for this basin will be NaN.
2024-04-24 13:43:08,389: The following basins had not enough valid target values to calculate a standard deviation: 4070045090. NSE loss values for this basin will be NaN.
2024-04-24 13:43:13,686: The following basins had not enough valid target values to calculate a standard deviation: 2070667600. NSE loss values for this basin will be NaN.
2024-04-24 13:43:20,358: The following basins had not enough valid target values to calculate a standard deviation: 2070019450. NSE loss values for this basin will be NaN.
2024-04-24 13:43:23,129: The following basins had not enough valid target values to calculate a standard deviation: 7070810870. NSE loss values for this basin will be NaN.
2024-04-24 13:43:33,962: The following basins had not enough valid target values to calculate a standard deviation: 2060313170. NSE loss values for this basin will be NaN.
2024-04-24 13:43:42,735: The following basins had not enough valid target values to calculate a standard deviation: 4070607130. NSE loss values for this basin will be NaN.
2024-04-24 13:43:50,812: The following basins had not enough valid target values to calculate a standard deviation: 1070013300. NSE loss values for this basin will be NaN.
2024-04-24 13:43:55,380: The following basins had not enough valid target values to calculate a standard deviation: 2070547340. NSE loss values for this basin will be NaN.
2024-04-24 13:44:01,217: The following basins had not enough valid target values to calculate a standard deviation: 8070129850. NSE loss values for this basin will be NaN.
2024-04-24 13:44:24,313: The following basins had not enough valid target values to calculate a standard deviation: 4070540870. NSE loss values for this basin will be NaN.
2024-04-24 13:44:25,722: The following basins had not enough valid target values to calculate a standard deviation: 2070483980. NSE loss values for this basin will be NaN.
2024-04-24 13:44:38,536: The following basins had not enough valid target values to calculate a standard deviation: 4070037340. NSE loss values for this basin will be NaN.
2024-04-24 13:44:43,108: The following basins had not enough valid target values to calculate a standard deviation: 1070013820. NSE loss values for this basin will be NaN.
2024-04-24 13:44:50,431: The following basins had not enough valid target values to calculate a standard deviation: 7070006580. NSE loss values for this basin will be NaN.
2024-04-24 13:44:52,900: Stored results at /central/home/achiang/CliMA/runs/globe_time_split_2404_124848/validation/model_epoch006/validation_results.p
2024-04-24 13:44:52,912: Epoch 6 average validation loss: 0.00001 -- Median validation metrics: avg_loss: 0.00001, NSE: 0.48703
2024-04-24 13:52:33,399: Epoch 7 average loss: avg_loss: 0.00000, avg_total_loss: 0.00000
2024-04-24 14:00:12,039: Epoch 8 average loss: avg_loss: 0.00000, avg_total_loss: 0.00000
2024-04-24 14:00:12,197: The following basins had not enough valid target values to calculate a standard deviation: 7070651220. NSE loss values for this basin will be NaN.
2024-04-24 14:00:35,846: The following basins had not enough valid target values to calculate a standard deviation: 6070525240. NSE loss values for this basin will be NaN.
2024-04-24 14:00:52,478: The following basins had not enough valid target values to calculate a standard deviation: 7070174580. NSE loss values for this basin will be NaN.
2024-04-24 14:00:58,877: The following basins had not enough valid target values to calculate a standard deviation: 4070041500. NSE loss values for this basin will be NaN.
2024-04-24 14:01:01,684: The following basins had not enough valid target values to calculate a standard deviation: 4070043550. NSE loss values for this basin will be NaN.
2024-04-24 14:01:19,276: The following basins had not enough valid target values to calculate a standard deviation: 7070005730. NSE loss values for this basin will be NaN.
2024-04-24 14:01:28,298: The following basins had not enough valid target values to calculate a standard deviation: 7070755960. NSE loss values for this basin will be NaN.
2024-04-24 14:01:54,733: The following basins had not enough valid target values to calculate a standard deviation: 8070086350. NSE loss values for this basin will be NaN.
2024-04-24 14:01:59,184: The following basins had not enough valid target values to calculate a standard deviation: 8060129850. NSE loss values for this basin will be NaN.
2024-04-24 14:02:26,820: The following basins had not enough valid target values to calculate a standard deviation: 4060039600. NSE loss values for this basin will be NaN.
2024-04-24 14:02:33,868: Stored results at /central/home/achiang/CliMA/runs/globe_time_split_2404_124848/validation/model_epoch008/validation_results.p
2024-04-24 14:02:33,879: Epoch 8 average validation loss: 0.00000 -- Median validation metrics: avg_loss: 0.00000, NSE: 0.51188
2024-04-24 14:10:16,996: Epoch 9 average loss: avg_loss: 0.00000, avg_total_loss: 0.00000
2024-04-24 14:17:59,849: Epoch 10 average loss: avg_loss: 0.00000, avg_total_loss: 0.00000
2024-04-24 14:18:16,500: The following basins had not enough valid target values to calculate a standard deviation: 1060023660. NSE loss values for this basin will be NaN.
2024-04-24 14:18:19,584: The following basins had not enough valid target values to calculate a standard deviation: 1071391660. NSE loss values for this basin will be NaN.
2024-04-24 14:18:35,931: The following basins had not enough valid target values to calculate a standard deviation: 1050030450. NSE loss values for this basin will be NaN.
2024-04-24 14:18:52,004: The following basins had not enough valid target values to calculate a standard deviation: 7070364550. NSE loss values for this basin will be NaN.
2024-04-24 14:18:54,089: The following basins had not enough valid target values to calculate a standard deviation: 4070480290. NSE loss values for this basin will be NaN.
2024-04-24 14:19:16,176: The following basins had not enough valid target values to calculate a standard deviation: 4070045250. NSE loss values for this basin will be NaN.
2024-04-24 14:19:51,043: The following basins had not enough valid target values to calculate a standard deviation: 2070537900. NSE loss values for this basin will be NaN.
2024-04-24 14:20:07,849: The following basins had not enough valid target values to calculate a standard deviation: 4070041220. NSE loss values for this basin will be NaN.
2024-04-24 14:20:23,499: Stored results at /central/home/achiang/CliMA/runs/globe_time_split_2404_124848/validation/model_epoch010/validation_results.p
2024-04-24 14:20:23,510: Epoch 10 average validation loss: 0.00078 -- Median validation metrics: avg_loss: 0.00078, NSE: 0.52749
2024-04-24 14:28:06,259: Epoch 11 average loss: avg_loss: 0.00000, avg_total_loss: 0.00000
2024-04-24 14:35:47,563: Epoch 12 average loss: avg_loss: 0.00000, avg_total_loss: 0.00000
2024-04-24 14:36:20,863: The following basins had not enough valid target values to calculate a standard deviation: 2070143290. NSE loss values for this basin will be NaN.
2024-04-24 14:36:39,781: The following basins had not enough valid target values to calculate a standard deviation: 1060030310. NSE loss values for this basin will be NaN.
2024-04-24 14:37:11,316: The following basins had not enough valid target values to calculate a standard deviation: 7050610850. NSE loss values for this basin will be NaN.
2024-04-24 14:37:50,529: The following basins had not enough valid target values to calculate a standard deviation: 4070476680. NSE loss values for this basin will be NaN.
2024-04-24 14:37:52,474: The following basins had not enough valid target values to calculate a standard deviation: 2070551950. NSE loss values for this basin will be NaN.
2024-04-24 14:37:53,938: Stored results at /central/home/achiang/CliMA/runs/globe_time_split_2404_124848/validation/model_epoch012/validation_results.p
2024-04-24 14:37:53,948: Epoch 12 average validation loss: 0.00055 -- Median validation metrics: avg_loss: 0.00055, NSE: 0.54194
2024-04-24 14:45:38,352: Epoch 13 average loss: avg_loss: 0.00000, avg_total_loss: 0.00000
2024-04-24 14:53:17,121: Epoch 14 average loss: avg_loss: 0.00000, avg_total_loss: 0.00000
2024-04-24 14:54:35,360: The following basins had not enough valid target values to calculate a standard deviation: 7060755960. NSE loss values for this basin will be NaN.
2024-04-24 14:55:09,651: The following basins had not enough valid target values to calculate a standard deviation: 1060792830. NSE loss values for this basin will be NaN.
2024-04-24 14:55:28,430: Stored results at /central/home/achiang/CliMA/runs/globe_time_split_2404_124848/validation/model_epoch014/validation_results.p
2024-04-24 14:55:28,441: Epoch 14 average validation loss: 0.00098 -- Median validation metrics: avg_loss: 0.00098, NSE: 0.55504
2024-04-24 15:03:11,468: Epoch 15 average loss: avg_loss: 0.00000, avg_total_loss: 0.00000
2024-04-24 15:10:49,741: Epoch 16 average loss: avg_loss: 0.00000, avg_total_loss: 0.00000
2024-04-24 15:11:16,564: The following basins had not enough valid target values to calculate a standard deviation: 4070044490. NSE loss values for this basin will be NaN.
2024-04-24 15:11:38,477: The following basins had not enough valid target values to calculate a standard deviation: 4070039730. NSE loss values for this basin will be NaN.
2024-04-24 15:12:18,148: The following basins had not enough valid target values to calculate a standard deviation: 1050792840. NSE loss values for this basin will be NaN.
2024-04-24 15:12:35,476: The following basins had not enough valid target values to calculate a standard deviation: 1060807450. NSE loss values for this basin will be NaN.
2024-04-24 15:12:58,769: Stored results at /central/home/achiang/CliMA/runs/globe_time_split_2404_124848/validation/model_epoch016/validation_results.p
2024-04-24 15:12:58,780: Epoch 16 average validation loss: 0.00080 -- Median validation metrics: avg_loss: 0.00080, NSE: 0.50402
2024-04-24 15:20:42,171: Epoch 17 average loss: avg_loss: 0.00000, avg_total_loss: 0.00000
2024-04-24 15:28:21,026: Epoch 18 average loss: avg_loss: 0.00000, avg_total_loss: 0.00000
2024-04-24 15:30:30,075: Stored results at /central/home/achiang/CliMA/runs/globe_time_split_2404_124848/validation/model_epoch018/validation_results.p
2024-04-24 15:30:30,088: Epoch 18 average validation loss: 0.00118 -- Median validation metrics: avg_loss: 0.00118, NSE: 0.49974
2024-04-24 15:38:14,572: Epoch 19 average loss: avg_loss: 0.00000, avg_total_loss: 0.00000
2024-04-24 15:45:54,571: Epoch 20 average loss: avg_loss: 0.00000, avg_total_loss: 0.00000
2024-04-24 15:46:24,849: The following basins had not enough valid target values to calculate a standard deviation: 4070042300. NSE loss values for this basin will be NaN.
2024-04-24 15:48:02,549: Stored results at /central/home/achiang/CliMA/runs/globe_time_split_2404_124848/validation/model_epoch020/validation_results.p
2024-04-24 15:48:02,559: Epoch 20 average validation loss: 0.00107 -- Median validation metrics: avg_loss: 0.00107, NSE: 0.57057
2024-04-24 15:48:02,560: Setting learning rate to 0.0001
2024-04-24 15:55:44,292: Epoch 21 average loss: avg_loss: 0.00000, avg_total_loss: 0.00000
2024-04-24 16:03:54,658: Epoch 22 average loss: avg_loss: 0.00000, avg_total_loss: 0.00000
2024-04-24 16:06:34,402: Stored results at /central/home/achiang/CliMA/runs/globe_time_split_2404_124848/validation/model_epoch022/validation_results.p
2024-04-24 16:06:34,413: Epoch 22 average validation loss: 0.00067 -- Median validation metrics: avg_loss: 0.00067, NSE: 0.60863
2024-04-24 16:14:16,660: Epoch 23 average loss: avg_loss: 0.00000, avg_total_loss: 0.00000
2024-04-24 16:21:54,955: Epoch 24 average loss: avg_loss: 0.00000, avg_total_loss: 0.00000
2024-04-24 16:22:39,935: The following basins had not enough valid target values to calculate a standard deviation: 2060574340. NSE loss values for this basin will be NaN.
2024-04-24 16:23:01,552: The following basins had not enough valid target values to calculate a standard deviation: 2070326350. NSE loss values for this basin will be NaN.
2024-04-24 16:24:01,021: Stored results at /central/home/achiang/CliMA/runs/globe_time_split_2404_124848/validation/model_epoch024/validation_results.p
2024-04-24 16:24:01,032: Epoch 24 average validation loss: 0.00059 -- Median validation metrics: avg_loss: 0.00059, NSE: 0.58833
2024-04-24 16:31:39,367: Epoch 25 average loss: avg_loss: 0.00000, avg_total_loss: 0.00000
2024-04-24 16:39:17,007: Epoch 26 average loss: avg_loss: 0.00000, avg_total_loss: 0.00000
2024-04-24 16:41:35,118: Stored results at /central/home/achiang/CliMA/runs/globe_time_split_2404_124848/validation/model_epoch026/validation_results.p
2024-04-24 16:41:35,128: Epoch 26 average validation loss: 0.00069 -- Median validation metrics: avg_loss: 0.00069, NSE: 0.54111
2024-04-24 16:49:14,638: Epoch 27 average loss: avg_loss: 0.00000, avg_total_loss: 0.00000
2024-04-24 16:56:53,439: Epoch 28 average loss: avg_loss: 0.00000, avg_total_loss: 0.00000
2024-04-24 16:59:01,054: Stored results at /central/home/achiang/CliMA/runs/globe_time_split_2404_124848/validation/model_epoch028/validation_results.p
2024-04-24 16:59:01,065: Epoch 28 average validation loss: 0.00000 -- Median validation metrics: avg_loss: 0.00000, NSE: 0.56282
2024-04-24 17:06:38,989: Epoch 29 average loss: avg_loss: 0.00000, avg_total_loss: 0.00000
2024-04-24 17:14:18,279: Epoch 30 average loss: avg_loss: 0.00000, avg_total_loss: 0.00000
2024-04-24 17:16:27,219: Stored results at /central/home/achiang/CliMA/runs/globe_time_split_2404_124848/validation/model_epoch030/validation_results.p
2024-04-24 17:16:27,230: Epoch 30 average validation loss: 0.00076 -- Median validation metrics: avg_loss: 0.00076, NSE: 0.56288
2024-04-24 17:16:27,230: Setting learning rate to 1e-05
2024-04-24 17:24:06,156: Epoch 31 average loss: avg_loss: 0.00000, avg_total_loss: 0.00000
2024-04-24 17:31:44,920: Epoch 32 average loss: avg_loss: 0.00000, avg_total_loss: 0.00000
2024-04-24 17:33:53,405: Stored results at /central/home/achiang/CliMA/runs/globe_time_split_2404_124848/validation/model_epoch032/validation_results.p
2024-04-24 17:33:53,416: Epoch 32 average validation loss: 0.00177 -- Median validation metrics: avg_loss: 0.00177, NSE: 0.56249
2024-04-24 17:41:31,773: Epoch 33 average loss: avg_loss: 0.00000, avg_total_loss: 0.00000
2024-04-24 17:49:10,282: Epoch 34 average loss: avg_loss: 0.00000, avg_total_loss: 0.00000
2024-04-24 17:51:17,056: Stored results at /central/home/achiang/CliMA/runs/globe_time_split_2404_124848/validation/model_epoch034/validation_results.p
2024-04-24 17:51:17,067: Epoch 34 average validation loss: 0.00000 -- Median validation metrics: avg_loss: 0.00000, NSE: 0.60619
2024-04-24 17:58:55,260: Epoch 35 average loss: avg_loss: 0.00000, avg_total_loss: 0.00000
